# JRE version: OpenJDK Runtime Environment (8.0_222-b10) (build 1.8.0_222-8u222-b10-1ubuntu1~18.04.1-b10)
# Java VM: OpenJDK 64-Bit Server VM (25.222-b10 mixed mode linux-amd64 compressed oops)
Heap:
 PSYoungGen      total 18432K, used 13775K [0x00000000f5980000, 0x00000000f8880000, 0x0000000100000000)
  eden space 17408K, 73% used [0x00000000f5980000,0x00000000f65f7dc0,0x00000000f6a80000)
  from space 1024K, 98% used [0x00000000f6a80000,0x00000000f6b7c010,0x00000000f6b80000)
  to   space 6656K, 0% used [0x00000000f8200000,0x00000000f8200000,0x00000000f8880000)
 ParOldGen       total 22016K, used 14112K [0x00000000e0c00000, 0x00000000e2180000, 0x00000000f5980000)
  object space 22016K, 64% used [0x00000000e0c00000,0x00000000e19c80b8,0x00000000e2180000)
 Metaspace       used 17901K, capacity 18630K, committed 18688K, reserved 1064960K
  class space    used 2098K, capacity 2297K, committed 2304K, reserved 1048576K
GC Heap History (10 events):
Event: 1.281 GC heap before
{Heap before GC invocations=1 (full 0):
 PSYoungGen      total 9728K, used 8704K [0x00000000f5980000, 0x00000000f6400000, 0x0000000100000000)
  eden space 8704K, 100% used [0x00000000f5980000,0x00000000f6200000,0x00000000f6200000)
  from space 1024K, 0% used [0x00000000f6300000,0x00000000f6300000,0x00000000f6400000)
  to   space 1024K, 0% used [0x00000000f6200000,0x00000000f6200000,0x00000000f6300000)
 ParOldGen       total 22016K, used 0K [0x00000000e0c00000, 0x00000000e2180000, 0x00000000f5980000)
  object space 22016K, 0% used [0x00000000e0c00000,0x00000000e0c00000,0x00000000e2180000)
 Metaspace       used 6528K, capacity 6596K, committed 6912K, reserved 1056768K
  class space    used 647K, capacity 688K, committed 768K, reserved 1048576K
Event: 1.294 GC heap after
Heap after GC invocations=1 (full 0):
 PSYoungGen      total 9728K, used 1008K [0x00000000f5980000, 0x00000000f6400000, 0x0000000100000000)
  eden space 8704K, 0% used [0x00000000f5980000,0x00000000f5980000,0x00000000f6200000)
  from space 1024K, 98% used [0x00000000f6200000,0x00000000f62fc010,0x00000000f6300000)
  to   space 1024K, 0% used [0x00000000f6300000,0x00000000f6300000,0x00000000f6400000)
 ParOldGen       total 22016K, used 3265K [0x00000000e0c00000, 0x00000000e2180000, 0x00000000f5980000)
  object space 22016K, 14% used [0x00000000e0c00000,0x00000000e0f305d0,0x00000000e2180000)
 Metaspace       used 6528K, capacity 6596K, committed 6912K, reserved 1056768K
  class space    used 647K, capacity 688K, committed 768K, reserved 1048576K
}
Event: 1.616 GC heap before
{Heap before GC invocations=2 (full 0):
 PSYoungGen      total 9728K, used 9712K [0x00000000f5980000, 0x00000000f6400000, 0x0000000100000000)
  eden space 8704K, 100% used [0x00000000f5980000,0x00000000f6200000,0x00000000f6200000)
  from space 1024K, 98% used [0x00000000f6200000,0x00000000f62fc010,0x00000000f6300000)
  to   space 1024K, 0% used [0x00000000f6300000,0x00000000f6300000,0x00000000f6400000)
 ParOldGen       total 22016K, used 3265K [0x00000000e0c00000, 0x00000000e2180000, 0x00000000f5980000)
  object space 22016K, 14% used [0x00000000e0c00000,0x00000000e0f305d0,0x00000000e2180000)
 Metaspace       used 9434K, capacity 9530K, committed 9728K, reserved 1058816K
  class space    used 1007K, capacity 1020K, committed 1024K, reserved 1048576K
Event: 1.624 GC heap after
Heap after GC invocations=2 (full 0):
 PSYoungGen      total 9728K, used 1008K [0x00000000f5980000, 0x00000000f6c80000, 0x0000000100000000)
  eden space 8704K, 0% used [0x00000000f5980000,0x00000000f5980000,0x00000000f6200000)
  from space 1024K, 98% used [0x00000000f6300000,0x00000000f63fc030,0x00000000f6400000)
  to   space 1024K, 0% used [0x00000000f6200000,0x00000000f6200000,0x00000000f6300000)
 ParOldGen       total 22016K, used 5556K [0x00000000e0c00000, 0x00000000e2180000, 0x00000000f5980000)
  object space 22016K, 25% used [0x00000000e0c00000,0x00000000e116d1c0,0x00000000e2180000)
 Metaspace       used 9434K, capacity 9530K, committed 9728K, reserved 1058816K
  class space    used 1007K, capacity 1020K, committed 1024K, reserved 1048576K
}
Event: 1.865 GC heap before
{Heap before GC invocations=3 (full 0):
 PSYoungGen      total 9728K, used 9712K [0x00000000f5980000, 0x00000000f6c80000, 0x0000000100000000)
  eden space 8704K, 100% used [0x00000000f5980000,0x00000000f6200000,0x00000000f6200000)
  from space 1024K, 98% used [0x00000000f6300000,0x00000000f63fc030,0x00000000f6400000)
  to   space 1024K, 0% used [0x00000000f6200000,0x00000000f6200000,0x00000000f6300000)
 ParOldGen       total 22016K, used 5556K [0x00000000e0c00000, 0x00000000e2180000, 0x00000000f5980000)
  object space 22016K, 25% used [0x00000000e0c00000,0x00000000e116d1c0,0x00000000e2180000)
 Metaspace       used 11679K, capacity 11960K, committed 12160K, reserved 1060864K
  class space    used 1285K, capacity 1402K, committed 1408K, reserved 1048576K
Event: 1.877 GC heap after
Heap after GC invocations=3 (full 0):
 PSYoungGen      total 9728K, used 1008K [0x00000000f5980000, 0x00000000f6c80000, 0x0000000100000000)
  eden space 8704K, 0% used [0x00000000f5980000,0x00000000f5980000,0x00000000f6200000)
  from space 1024K, 98% used [0x00000000f6200000,0x00000000f62fc020,0x00000000f6300000)
  to   space 1024K, 0% used [0x00000000f6b80000,0x00000000f6b80000,0x00000000f6c80000)
 ParOldGen       total 22016K, used 7503K [0x00000000e0c00000, 0x00000000e2180000, 0x00000000f5980000)
  object space 22016K, 34% used [0x00000000e0c00000,0x00000000e1353ed0,0x00000000e2180000)
 Metaspace       used 11679K, capacity 11960K, committed 12160K, reserved 1060864K
  class space    used 1285K, capacity 1402K, committed 1408K, reserved 1048576K
}
Event: 2.113 GC heap before
{Heap before GC invocations=4 (full 0):
 PSYoungGen      total 9728K, used 9712K [0x00000000f5980000, 0x00000000f6c80000, 0x0000000100000000)
  eden space 8704K, 100% used [0x00000000f5980000,0x00000000f6200000,0x00000000f6200000)
  from space 1024K, 98% used [0x00000000f6200000,0x00000000f62fc020,0x00000000f6300000)
  to   space 1024K, 0% used [0x00000000f6b80000,0x00000000f6b80000,0x00000000f6c80000)
 ParOldGen       total 22016K, used 7503K [0x00000000e0c00000, 0x00000000e2180000, 0x00000000f5980000)
  object space 22016K, 34% used [0x00000000e0c00000,0x00000000e1353ed0,0x00000000e2180000)
 Metaspace       used 13960K, capacity 14638K, committed 14976K, reserved 1062912K
  class space    used 1653K, capacity 1831K, committed 1920K, reserved 1048576K
Event: 2.121 GC heap after
Heap after GC invocations=4 (full 0):
 PSYoungGen      total 18432K, used 992K [0x00000000f5980000, 0x00000000f6c80000, 0x0000000100000000)
  eden space 17408K, 0% used [0x00000000f5980000,0x00000000f5980000,0x00000000f6a80000)
  from space 1024K, 96% used [0x00000000f6b80000,0x00000000f6c78010,0x00000000f6c80000)
  to   space 1024K, 0% used [0x00000000f6a80000,0x00000000f6a80000,0x00000000f6b80000)
 ParOldGen       total 22016K, used 9028K [0x00000000e0c00000, 0x00000000e2180000, 0x00000000f5980000)
  object space 22016K, 41% used [0x00000000e0c00000,0x00000000e14d1290,0x00000000e2180000)
 Metaspace       used 13960K, capacity 14638K, committed 14976K, reserved 1062912K
  class space    used 1653K, capacity 1831K, committed 1920K, reserved 1048576K
}
Event: 4.612 GC heap before
{Heap before GC invocations=5 (full 0):
 PSYoungGen      total 18432K, used 18228K [0x00000000f5980000, 0x00000000f6c80000, 0x0000000100000000)
  eden space 17408K, 99% used [0x00000000f5980000,0x00000000f6a55348,0x00000000f6a80000)
  from space 1024K, 96% used [0x00000000f6b80000,0x00000000f6c78010,0x00000000f6c80000)
  to   space 1024K, 0% used [0x00000000f6a80000,0x00000000f6a80000,0x00000000f6b80000)
 ParOldGen       total 22016K, used 9028K [0x00000000e0c00000, 0x00000000e2180000, 0x00000000f5980000)
  object space 22016K, 41% used [0x00000000e0c00000,0x00000000e14d1290,0x00000000e2180000)
 Metaspace       used 17194K, capacity 17868K, committed 18176K, reserved 1064960K
  class space    used 2040K, capacity 2242K, committed 2304K, reserved 1048576K
Event: 4.628 GC heap after
Heap after GC invocations=5 (full 0):
 PSYoungGen      total 18432K, used 1008K [0x00000000f5980000, 0x00000000f8880000, 0x0000000100000000)
  eden space 17408K, 0% used [0x00000000f5980000,0x00000000f5980000,0x00000000f6a80000)
  from space 1024K, 98% used [0x00000000f6a80000,0x00000000f6b7c010,0x00000000f6b80000)
  to   space 6656K, 0% used [0x00000000f8200000,0x00000000f8200000,0x00000000f8880000)
 ParOldGen       total 22016K, used 14112K [0x00000000e0c00000, 0x00000000e2180000, 0x00000000f5980000)
  object space 22016K, 64% used [0x00000000e0c00000,0x00000000e19c80b8,0x00000000e2180000)
 Metaspace       used 17194K, capacity 17868K, committed 18176K, reserved 1064960K
  class space    used 2040K, capacity 2242K, committed 2304K, reserved 1048576K
}

